# Logfile created on 2015-07-28 11:04:18 -0700 by logger.rb/44203
W, [2015-07-28T11:04:18.424336 #34603]  WARN -- : DRAGONFLY: uid /postcards/0001539_0001539-R1-E010.jpg not found
I, [2015-07-28T11:04:18.424471 #34603]  INFO -- : DRAGONFLY: GET  404
W, [2015-07-28T11:06:02.475619 #34611]  WARN -- : DRAGONFLY: uid http://kuyenda-slowpost-development.s3.amazonaws.com//postcards/0001539_0001539-R1-E010.jpg not found
I, [2015-07-28T11:06:02.475781 #34611]  INFO -- : DRAGONFLY: GET  404
W, [2015-07-28T11:07:16.373254 #34614]  WARN -- : DRAGONFLY: uid http://kuyenda-slowpost-development.s3.amazonaws.com//postcards/0001539_0001539-R1-E010.jpg not found
I, [2015-07-28T11:07:16.373396 #34614]  INFO -- : DRAGONFLY: GET  404
W, [2015-07-28T11:08:09.030154 #34618]  WARN -- : DRAGONFLY: uid http://kuyenda-slowpost-development.s3.amazonaws.com/postcards/0001539_0001539-R1-E010.jpg not found
I, [2015-07-28T11:08:09.030340 #34618]  INFO -- : DRAGONFLY: GET  404
W, [2015-07-28T11:09:56.613544 #34624]  WARN -- : DRAGONFLY: uid http://kuyenda-slowpost-development.s3.amazonaws.com/postcards/0001539_0001539-R1-E010.jpg not found
I, [2015-07-28T11:09:56.621258 #34624]  INFO -- : DRAGONFLY: GET  404
W, [2015-07-28T11:10:11.631814 #34624]  WARN -- : DRAGONFLY: uid http://kuyenda-slowpost-development.s3.amazonaws.com/postcards/0001539_0001539-R1-E010.jpg not found
I, [2015-07-28T11:10:11.631946 #34624]  INFO -- : DRAGONFLY: GET  404
W, [2015-07-28T11:11:14.051332 #34624]  WARN -- : DRAGONFLY: uid http://kuyenda-slowpost-development.s3.amazonaws.com/postcards/0001539_0001539-R1-E010.jpg not found
I, [2015-07-28T11:11:14.051864 #34624]  INFO -- : DRAGONFLY: GET  404
W, [2015-07-28T11:11:18.227455 #34624]  WARN -- : DRAGONFLY: uid http://kuyenda-slowpost-development.s3.amazonaws.com/postcards/0001539_0001539-R1-E010.jpg not found
I, [2015-07-28T11:11:18.227545 #34624]  INFO -- : DRAGONFLY: GET  404
D, [2015-07-28T11:21:18.668546 #34695] DEBUG -- : DRAGONFLY: shell command: 'convert' '/Users/bigedubs/Documents/postoffice/http:/kuyenda-slowpost-development.s3.amazonaws.com/postcards/0001539_0001539-R1-E010.jpg' '-resize' '40x40' '/var/folders/2b/fk3c4b_91b76pz6fr_5htvh40000gp/T/dragonfly20150728-34695-bso39a.jpg'
W, [2015-07-28T11:21:18.725579 #34695]  WARN -- : DRAGONFLY: caught error - Command failed ('convert' '/Users/bigedubs/Documents/postoffice/http:/kuyenda-slowpost-development.s3.amazonaws.com/postcards/0001539_0001539-R1-E010.jpg' '-resize' '40x40' '/var/folders/2b/fk3c4b_91b76pz6fr_5htvh40000gp/T/dragonfly20150728-34695-bso39a.jpg') with exit status 127 and stderr sh: convert: command not found

I, [2015-07-28T11:21:18.725744 #34695]  INFO -- : DRAGONFLY: GET  500
D, [2015-07-28T11:22:16.414340 #34699] DEBUG -- : DRAGONFLY: shell command: 'convert' '/Users/bigedubs/Documents/postoffice/http:/kuyenda-slowpost-development.s3.amazonaws.com/postcards/0001539_0001539-R1-E010.jpg' '-resize' '40x40' '/var/folders/2b/fk3c4b_91b76pz6fr_5htvh40000gp/T/dragonfly20150728-34699-lk9zzx.jpg'
W, [2015-07-28T11:22:16.437446 #34699]  WARN -- : DRAGONFLY: caught error - Command failed ('convert' '/Users/bigedubs/Documents/postoffice/http:/kuyenda-slowpost-development.s3.amazonaws.com/postcards/0001539_0001539-R1-E010.jpg' '-resize' '40x40' '/var/folders/2b/fk3c4b_91b76pz6fr_5htvh40000gp/T/dragonfly20150728-34699-lk9zzx.jpg') with exit status 127 and stderr sh: convert: command not found

I, [2015-07-28T11:22:16.437579 #34699]  INFO -- : DRAGONFLY: GET  500
D, [2015-07-28T11:23:36.614031 #34709] DEBUG -- : DRAGONFLY: shell command: 'convert' '/Users/bigedubs/Documents/postoffice/http:/kuyenda-slowpost-development.s3.amazonaws.com/postcards/0001539_0001539-R1-E010.jpg' '-resize' '40x40' '/var/folders/2b/fk3c4b_91b76pz6fr_5htvh40000gp/T/dragonfly20150728-34709-vins2q.jpg'
W, [2015-07-28T11:23:36.647347 #34709]  WARN -- : DRAGONFLY: caught error - Command failed ('convert' '/Users/bigedubs/Documents/postoffice/http:/kuyenda-slowpost-development.s3.amazonaws.com/postcards/0001539_0001539-R1-E010.jpg' '-resize' '40x40' '/var/folders/2b/fk3c4b_91b76pz6fr_5htvh40000gp/T/dragonfly20150728-34709-vins2q.jpg') with exit status 127 and stderr sh: convert: command not found

I, [2015-07-28T11:23:36.648167 #34709]  INFO -- : DRAGONFLY: GET  500
D, [2015-07-28T11:24:01.882845 #34714] DEBUG -- : DRAGONFLY: shell command: 'convert' '/Users/bigedubs/Documents/postoffice/http:/kuyenda-slowpost-development.s3.amazonaws.com/postcards/0001539_0001539-R1-E010.jpg' '-resize' '40x40' '/var/folders/2b/fk3c4b_91b76pz6fr_5htvh40000gp/T/dragonfly20150728-34714-1yg4t.jpg'
W, [2015-07-28T11:24:01.906344 #34714]  WARN -- : DRAGONFLY: caught error - Command failed ('convert' '/Users/bigedubs/Documents/postoffice/http:/kuyenda-slowpost-development.s3.amazonaws.com/postcards/0001539_0001539-R1-E010.jpg' '-resize' '40x40' '/var/folders/2b/fk3c4b_91b76pz6fr_5htvh40000gp/T/dragonfly20150728-34714-1yg4t.jpg') with exit status 127 and stderr sh: convert: command not found

I, [2015-07-28T11:24:01.906503 #34714]  INFO -- : DRAGONFLY: GET  500
D, [2015-07-28T11:27:20.030379 #34721] DEBUG -- : DRAGONFLY: shell command: 'convert' '/Users/bigedubs/Documents/postoffice/http:/kuyenda-slowpost-development.s3.amazonaws.com/postcards/0001539_0001539-R1-E010.jpg' '-resize' '40x40' '/var/folders/2b/fk3c4b_91b76pz6fr_5htvh40000gp/T/dragonfly20150728-34721-1jr1tla.jpg'
W, [2015-07-28T11:27:20.062604 #34721]  WARN -- : DRAGONFLY: caught error - Command failed ('convert' '/Users/bigedubs/Documents/postoffice/http:/kuyenda-slowpost-development.s3.amazonaws.com/postcards/0001539_0001539-R1-E010.jpg' '-resize' '40x40' '/var/folders/2b/fk3c4b_91b76pz6fr_5htvh40000gp/T/dragonfly20150728-34721-1jr1tla.jpg') with exit status 127 and stderr sh: convert: command not found

I, [2015-07-28T11:27:20.062759 #34721]  INFO -- : DRAGONFLY: GET  500
D, [2015-07-28T11:28:31.821365 #34725] DEBUG -- : DRAGONFLY: shell command: 'convert' '/Users/bigedubs/Documents/postoffice/http:/kuyenda-slowpost-development.s3.amazonaws.com/postcards/0001539_0001539-R1-E010.jpg' '-resize' '40x40' '/var/folders/2b/fk3c4b_91b76pz6fr_5htvh40000gp/T/dragonfly20150728-34725-go6tkb.jpg'
W, [2015-07-28T11:28:31.857255 #34725]  WARN -- : DRAGONFLY: caught error - Command failed ('convert' '/Users/bigedubs/Documents/postoffice/http:/kuyenda-slowpost-development.s3.amazonaws.com/postcards/0001539_0001539-R1-E010.jpg' '-resize' '40x40' '/var/folders/2b/fk3c4b_91b76pz6fr_5htvh40000gp/T/dragonfly20150728-34725-go6tkb.jpg') with exit status 127 and stderr sh: convert: command not found

I, [2015-07-28T11:28:31.857874 #34725]  INFO -- : DRAGONFLY: GET  500
D, [2015-07-28T11:30:00.631744 #34725] DEBUG -- : DRAGONFLY: shell command: 'convert' '/Users/bigedubs/Documents/postoffice/http:/kuyenda-slowpost-development.s3.amazonaws.com/postcards/0001539_0001539-R1-E010.jpg' '-resize' '40x40' '/var/folders/2b/fk3c4b_91b76pz6fr_5htvh40000gp/T/dragonfly20150728-34725-15wkf9m.jpg'
W, [2015-07-28T11:30:00.637278 #34725]  WARN -- : DRAGONFLY: caught error - Command failed ('convert' '/Users/bigedubs/Documents/postoffice/http:/kuyenda-slowpost-development.s3.amazonaws.com/postcards/0001539_0001539-R1-E010.jpg' '-resize' '40x40' '/var/folders/2b/fk3c4b_91b76pz6fr_5htvh40000gp/T/dragonfly20150728-34725-15wkf9m.jpg') with exit status 127 and stderr sh: convert: command not found

I, [2015-07-28T11:30:00.637457 #34725]  INFO -- : DRAGONFLY: GET  500
D, [2015-07-28T11:30:32.144085 #34725] DEBUG -- : DRAGONFLY: shell command: 'convert' '/Users/bigedubs/Documents/postoffice/http:/kuyenda-slowpost-development.s3.amazonaws.com/postcards/0001539_0001539-R1-E010.jpg' '-resize' '40x40' '/var/folders/2b/fk3c4b_91b76pz6fr_5htvh40000gp/T/dragonfly20150728-34725-x0zf8m.jpg'
W, [2015-07-28T11:30:32.187145 #34725]  WARN -- : DRAGONFLY: caught error - Command failed ('convert' '/Users/bigedubs/Documents/postoffice/http:/kuyenda-slowpost-development.s3.amazonaws.com/postcards/0001539_0001539-R1-E010.jpg' '-resize' '40x40' '/var/folders/2b/fk3c4b_91b76pz6fr_5htvh40000gp/T/dragonfly20150728-34725-x0zf8m.jpg') with exit status 127 and stderr sh: convert: command not found

I, [2015-07-28T11:30:32.187310 #34725]  INFO -- : DRAGONFLY: GET  500
D, [2015-07-28T11:33:28.780238 #34732] DEBUG -- : DRAGONFLY: shell command: 'convert' '/Users/bigedubs/Documents/postoffice/http:/kuyenda-slowpost-development.s3.amazonaws.com/postcards/0001539_0001539-R1-E010.jpg' '-resize' '40x40' '/var/folders/2b/fk3c4b_91b76pz6fr_5htvh40000gp/T/dragonfly20150728-34732-muw3sz.jpg'
W, [2015-07-28T11:33:28.818334 #34732]  WARN -- : DRAGONFLY: caught error - Command failed ('convert' '/Users/bigedubs/Documents/postoffice/http:/kuyenda-slowpost-development.s3.amazonaws.com/postcards/0001539_0001539-R1-E010.jpg' '-resize' '40x40' '/var/folders/2b/fk3c4b_91b76pz6fr_5htvh40000gp/T/dragonfly20150728-34732-muw3sz.jpg') with exit status 127 and stderr sh: convert: command not found

I, [2015-07-28T11:33:28.818524 #34732]  INFO -- : DRAGONFLY: GET  500
D, [2015-07-28T12:19:10.663816 #35179] DEBUG -- : DRAGONFLY: shell command: 'identify' '-ping' '-format' '%m %w %h' '/var/folders/2b/fk3c4b_91b76pz6fr_5htvh40000gp/T/dragonfly20150728-35179-1ge1c5f'
D, [2015-07-28T12:40:59.729046 #35296] DEBUG -- : DRAGONFLY: shell command: 'identify' '-ping' '-format' '%m %w %h' '/var/folders/2b/fk3c4b_91b76pz6fr_5htvh40000gp/T/dragonfly20150728-35296-hicftb'
D, [2015-07-28T12:41:32.931026 #35296] DEBUG -- : DRAGONFLY: shell command: 'identify' '-ping' '-format' '%m %w %h' '/var/folders/2b/fk3c4b_91b76pz6fr_5htvh40000gp/T/dragonfly20150728-35296-hicftb'
I, [2015-07-28T12:50:44.996687 #35352]  INFO -- : DRAGONFLY: GET  200
I, [2015-07-28T12:58:46.047130 #35439]  INFO -- : DRAGONFLY: GET  200
D, [2015-07-28T12:59:29.619973 #35443] DEBUG -- : DRAGONFLY: shell command: 'convert' '/var/folders/2b/fk3c4b_91b76pz6fr_5htvh40000gp/T/dragonfly20150728-35443-1rssd6w' '-resize' '40x40' '/var/folders/2b/fk3c4b_91b76pz6fr_5htvh40000gp/T/dragonfly20150728-35443-1ev1laa.jpg'
W, [2015-07-28T12:59:29.667003 #35443]  WARN -- : DRAGONFLY: caught error - Command failed ('convert' '/var/folders/2b/fk3c4b_91b76pz6fr_5htvh40000gp/T/dragonfly20150728-35443-1rssd6w' '-resize' '40x40' '/var/folders/2b/fk3c4b_91b76pz6fr_5htvh40000gp/T/dragonfly20150728-35443-1ev1laa.jpg') with exit status 127 and stderr sh: convert: command not found

I, [2015-07-28T12:59:29.667273 #35443]  INFO -- : DRAGONFLY: GET  500
D, [2015-07-28T12:59:32.962165 #35443] DEBUG -- : DRAGONFLY: shell command: 'convert' '/var/folders/2b/fk3c4b_91b76pz6fr_5htvh40000gp/T/dragonfly20150728-35443-172a1ii' '-resize' '40x40' '/var/folders/2b/fk3c4b_91b76pz6fr_5htvh40000gp/T/dragonfly20150728-35443-1jntnd8.jpg'
W, [2015-07-28T12:59:32.970365 #35443]  WARN -- : DRAGONFLY: caught error - Command failed ('convert' '/var/folders/2b/fk3c4b_91b76pz6fr_5htvh40000gp/T/dragonfly20150728-35443-172a1ii' '-resize' '40x40' '/var/folders/2b/fk3c4b_91b76pz6fr_5htvh40000gp/T/dragonfly20150728-35443-1jntnd8.jpg') with exit status 127 and stderr sh: convert: command not found

I, [2015-07-28T12:59:32.970559 #35443]  INFO -- : DRAGONFLY: GET  500
I, [2015-07-28T13:00:21.735976 #35449]  INFO -- : DRAGONFLY: GET  200
I, [2015-07-28T13:03:07.521772 #35449]  INFO -- : DRAGONFLY: GET  200
I, [2015-07-28T13:03:56.619270 #35449]  INFO -- : DRAGONFLY: GET  200
I, [2015-07-30T13:54:01.638423 #59713]  INFO -- : DRAGONFLY: GET  200
I, [2015-07-30T13:56:17.315395 #59719]  INFO -- : DRAGONFLY: GET  200
I, [2015-07-30T13:57:30.765190 #59725]  INFO -- : DRAGONFLY: GET  200
I, [2015-07-30T14:03:04.354789 #59749]  INFO -- : DRAGONFLY: GET  200
I, [2015-07-30T14:05:30.956584 #59749]  INFO -- : DRAGONFLY: GET  200
I, [2015-07-30T14:06:01.350638 #59870]  INFO -- : DRAGONFLY: GET  200
I, [2015-07-30T14:07:52.310973 #59875]  INFO -- : DRAGONFLY: GET  200
I, [2015-07-30T14:14:15.210028 #59885]  INFO -- : DRAGONFLY: GET  200
I, [2015-07-30T14:14:35.048017 #59887]  INFO -- : DRAGONFLY: GET  200
W, [2015-07-30T14:17:17.668233 #59892]  WARN -- : DRAGONFLY: caught error - Dragonfly::Job::FetchUrl::ErrorResponse
I, [2015-07-30T14:17:17.668410 #59892]  INFO -- : DRAGONFLY: GET  500
W, [2015-07-30T14:18:03.841376 #59894]  WARN -- : DRAGONFLY: caught error - Dragonfly::Job::FetchUrl::ErrorResponse
I, [2015-07-30T14:18:03.841587 #59894]  INFO -- : DRAGONFLY: GET  500
W, [2015-07-30T14:25:49.358272 #59894]  WARN -- : DRAGONFLY: caught error - Dragonfly::Job::FetchUrl::ErrorResponse
I, [2015-07-30T14:25:49.366055 #59894]  INFO -- : DRAGONFLY: GET  500
I, [2015-07-30T14:26:27.217724 #59915]  INFO -- : DRAGONFLY: GET  200
W, [2015-07-30T14:28:31.934047 #59922]  WARN -- : DRAGONFLY: caught error - Dragonfly::Job::FetchUrl::ErrorResponse
I, [2015-07-30T14:28:31.934268 #59922]  INFO -- : DRAGONFLY: GET  500
W, [2015-07-30T14:29:55.429448 #59924]  WARN -- : DRAGONFLY: caught error - Dragonfly::Job::FetchUrl::ErrorResponse
I, [2015-07-30T14:29:55.430053 #59924]  INFO -- : DRAGONFLY: GET  500
W, [2015-07-30T14:30:25.102318 #59927]  WARN -- : DRAGONFLY: caught error - Dragonfly::Job::FetchUrl::ErrorResponse
I, [2015-07-30T14:30:25.102534 #59927]  INFO -- : DRAGONFLY: GET  500
I, [2015-07-30T14:30:40.225052 #59929]  INFO -- : DRAGONFLY: GET  200
I, [2015-07-30T14:31:01.182045 #59931]  INFO -- : DRAGONFLY: GET  200
I, [2015-07-30T14:32:20.592775 #59937]  INFO -- : DRAGONFLY: GET  200
I, [2015-07-30T14:34:27.514504 #59942]  INFO -- : DRAGONFLY: GET  200
I, [2015-07-30T14:35:24.320122 #59944]  INFO -- : DRAGONFLY: GET  200
W, [2015-07-30T14:35:36.187636 #59946]  WARN -- : DRAGONFLY: caught error - Dragonfly::Job::FetchUrl::ErrorResponse
I, [2015-07-30T14:35:36.187802 #59946]  INFO -- : DRAGONFLY: GET  500
W, [2015-07-30T14:39:29.816703 #59960]  WARN -- : DRAGONFLY: caught error - Dragonfly::Job::FetchUrl::ErrorResponse
I, [2015-07-30T14:39:29.824573 #59960]  INFO -- : DRAGONFLY: GET  500
W, [2015-07-30T14:39:34.794539 #59970]  WARN -- : DRAGONFLY: caught error - Dragonfly::Job::FetchUrl::ErrorResponse
I, [2015-07-30T14:39:34.794663 #59970]  INFO -- : DRAGONFLY: GET  500
W, [2015-07-30T14:40:02.138592 #59972]  WARN -- : DRAGONFLY: caught error - Dragonfly::Job::FetchUrl::ErrorResponse
I, [2015-07-30T14:40:02.138755 #59972]  INFO -- : DRAGONFLY: GET  500
W, [2015-07-30T14:40:24.542002 #59974]  WARN -- : DRAGONFLY: caught error - Dragonfly::Job::FetchUrl::ErrorResponse
I, [2015-07-30T14:40:24.542199 #59974]  INFO -- : DRAGONFLY: GET  500
W, [2015-07-30T14:40:43.619929 #59978]  WARN -- : DRAGONFLY: caught error - Dragonfly::Job::FetchUrl::ErrorResponse
I, [2015-07-30T14:40:43.620092 #59978]  INFO -- : DRAGONFLY: GET  500
I, [2015-07-30T14:50:10.888138 #60129]  INFO -- : DRAGONFLY: GET  200
I, [2015-07-30T14:51:24.188272 #60132]  INFO -- : DRAGONFLY: GET  200
I, [2015-07-30T14:54:12.260032 #60137]  INFO -- : DRAGONFLY: GET  200
I, [2015-07-30T15:01:38.656120 #60149]  INFO -- : DRAGONFLY: GET  200
I, [2015-07-30T15:07:48.645106 #60156]  INFO -- : DRAGONFLY: GET  200
I, [2015-07-30T17:45:51.863326 #60771]  INFO -- : DRAGONFLY: GET  200
I, [2015-07-30T17:46:37.486080 #60805]  INFO -- : DRAGONFLY: GET  200
I, [2015-07-30T17:49:00.624930 #60807]  INFO -- : DRAGONFLY: GET  200
I, [2015-07-30T17:50:39.914680 #60812]  INFO -- : DRAGONFLY: GET  200
I, [2015-07-30T17:51:01.830107 #60815]  INFO -- : DRAGONFLY: GET  200
I, [2015-07-30T17:52:19.142047 #60818]  INFO -- : DRAGONFLY: GET  200
I, [2015-07-30T17:52:57.794845 #60822]  INFO -- : DRAGONFLY: GET  200
I, [2015-07-30T17:54:34.817941 #60824]  INFO -- : DRAGONFLY: GET  200
I, [2015-07-30T17:54:35.292692 #60824]  INFO -- : DRAGONFLY: GET  200
I, [2015-07-30T17:55:14.906800 #60826]  INFO -- : DRAGONFLY: GET  200
I, [2015-07-30T17:55:15.334375 #60826]  INFO -- : DRAGONFLY: GET  200
I, [2015-07-30T18:02:34.993710 #60834]  INFO -- : DRAGONFLY: GET  200
I, [2015-07-30T18:02:36.848972 #60834]  INFO -- : DRAGONFLY: GET  200
I, [2015-07-30T18:02:49.931242 #60851]  INFO -- : DRAGONFLY: GET  200
I, [2015-07-30T18:03:06.023120 #60854]  INFO -- : DRAGONFLY: GET  200
I, [2015-07-30T18:03:40.535865 #60863]  INFO -- : DRAGONFLY: GET  200
I, [2015-07-30T18:07:10.941490 #60875]  INFO -- : DRAGONFLY: GET  200
I, [2015-07-30T18:09:44.140283 #60891]  INFO -- : DRAGONFLY: GET  200
I, [2015-07-30T18:14:35.050479 #60897]  INFO -- : DRAGONFLY: GET  200
I, [2015-07-30T18:15:34.848507 #60906]  INFO -- : DRAGONFLY: GET  200
I, [2015-07-30T18:15:36.771047 #60906]  INFO -- : DRAGONFLY: GET  200
I, [2015-07-30T18:15:38.655495 #60906]  INFO -- : DRAGONFLY: GET  200
I, [2015-07-30T18:16:44.456182 #60912]  INFO -- : DRAGONFLY: GET  200
I, [2015-07-30T18:16:46.331344 #60912]  INFO -- : DRAGONFLY: GET  200
I, [2015-07-30T18:16:48.322634 #60912]  INFO -- : DRAGONFLY: GET  200
I, [2015-07-30T18:18:00.498195 #60923]  INFO -- : DRAGONFLY: GET  200
I, [2015-07-30T18:18:02.315817 #60923]  INFO -- : DRAGONFLY: GET  200
I, [2015-07-30T18:18:04.337619 #60923]  INFO -- : DRAGONFLY: GET  200
